Determining if the pthread_create exist failed with the following output:
Change Dir: /home/ros/EE5900/EE5900-Proj1-Group4/djchopp/Tutorial_1/catkin_ws/build/CMakeFiles/CMakeTmp

Run Build Command:/usr/bin/make "cmTryCompileExec1018739011/fast"
/usr/bin/make -f CMakeFiles/cmTryCompileExec1018739011.dir/build.make CMakeFiles/cmTryCompileExec1018739011.dir/build
make[1]: Entering directory `/home/ros/EE5900/EE5900-Proj1-Group4/djchopp/Tutorial_1/catkin_ws/build/CMakeFiles/CMakeTmp'
/usr/bin/cmake -E cmake_progress_report /home/ros/EE5900/EE5900-Proj1-Group4/djchopp/Tutorial_1/catkin_ws/build/CMakeFiles/CMakeTmp/CMakeFiles 1
Building C object CMakeFiles/cmTryCompileExec1018739011.dir/CheckSymbolExists.c.o
/usr/bin/cc    -o CMakeFiles/cmTryCompileExec1018739011.dir/CheckSymbolExists.c.o   -c /home/ros/EE5900/EE5900-Proj1-Group4/djchopp/Tutorial_1/catkin_ws/build/CMakeFiles/CMakeTmp/CheckSymbolExists.c
Linking C executable cmTryCompileExec1018739011
/usr/bin/cmake -E cmake_link_script CMakeFiles/cmTryCompileExec1018739011.dir/link.txt --verbose=1
/usr/bin/cc       CMakeFiles/cmTryCompileExec1018739011.dir/CheckSymbolExists.c.o  -o cmTryCompileExec1018739011 -rdynamic 
CMakeFiles/cmTryCompileExec1018739011.dir/CheckSymbolExists.c.o: In function `main':
CheckSymbolExists.c:(.text+0xa): undefined reference to `pthread_create'
collect2: error: ld returned 1 exit status
make[1]: Leaving directory `/home/ros/EE5900/EE5900-Proj1-Group4/djchopp/Tutorial_1/catkin_ws/build/CMakeFiles/CMakeTmp'
make[1]: *** [cmTryCompileExec1018739011] Error 1
make: *** [cmTryCompileExec1018739011/fast] Error 2

File /home/ros/EE5900/EE5900-Proj1-Group4/djchopp/Tutorial_1/catkin_ws/build/CMakeFiles/CMakeTmp/CheckSymbolExists.c:
/* */
#include <pthread.h>

int main(int argc, char** argv)
{
  (void)argv;
#ifndef pthread_create
  return ((int*)(&pthread_create))[argc];
#else
  (void)argc;
  return 0;
#endif
}

Determining if the function pthread_create exists in the pthreads failed with the following output:
Change Dir: /home/ros/EE5900/EE5900-Proj1-Group4/djchopp/Tutorial_1/catkin_ws/build/CMakeFiles/CMakeTmp

Run Build Command:/usr/bin/make "cmTryCompileExec718062956/fast"
/usr/bin/make -f CMakeFiles/cmTryCompileExec718062956.dir/build.make CMakeFiles/cmTryCompileExec718062956.dir/build
make[1]: Entering directory `/home/ros/EE5900/EE5900-Proj1-Group4/djchopp/Tutorial_1/catkin_ws/build/CMakeFiles/CMakeTmp'
/usr/bin/cmake -E cmake_progress_report /home/ros/EE5900/EE5900-Proj1-Group4/djchopp/Tutorial_1/catkin_ws/build/CMakeFiles/CMakeTmp/CMakeFiles 1
Building C object CMakeFiles/cmTryCompileExec718062956.dir/CheckFunctionExists.c.o
/usr/bin/cc   -DCHECK_FUNCTION_EXISTS=pthread_create   -o CMakeFiles/cmTryCompileExec718062956.dir/CheckFunctionExists.c.o   -c /usr/share/cmake-2.8/Modules/CheckFunctionExists.c
Linking C executable cmTryCompileExec718062956
/usr/bin/cmake -E cmake_link_script CMakeFiles/cmTryCompileExec718062956.dir/link.txt --verbose=1
/usr/bin/cc   -DCHECK_FUNCTION_EXISTS=pthread_create    CMakeFiles/cmTryCompileExec718062956.dir/CheckFunctionExists.c.o  -o cmTryCompileExec718062956 -rdynamic -lpthreads 
/usr/bin/ld: cannot find -lpthreads
make[1]: Leaving directory `/home/ros/EE5900/EE5900-Proj1-Group4/djchopp/Tutorial_1/catkin_ws/build/CMakeFiles/CMakeTmp'
collect2: error: ld returned 1 exit status
make[1]: *** [cmTryCompileExec718062956] Error 1
make: *** [cmTryCompileExec718062956/fast] Error 2


