Determining if the pthread_create exist failed with the following output:
Change Dir: /home/ros/EE5900_Repos/EE5900-Proj1-Group4/weather_cpp/catkin_ws/build/CMakeFiles/CMakeTmp

Run Build Command:/usr/bin/make "cmTryCompileExec451708036/fast"
/usr/bin/make -f CMakeFiles/cmTryCompileExec451708036.dir/build.make CMakeFiles/cmTryCompileExec451708036.dir/build
make[1]: Entering directory `/home/ros/EE5900_Repos/EE5900-Proj1-Group4/weather_cpp/catkin_ws/build/CMakeFiles/CMakeTmp'
/usr/bin/cmake -E cmake_progress_report /home/ros/EE5900_Repos/EE5900-Proj1-Group4/weather_cpp/catkin_ws/build/CMakeFiles/CMakeTmp/CMakeFiles 1
Building C object CMakeFiles/cmTryCompileExec451708036.dir/CheckSymbolExists.c.o
/usr/bin/cc    -o CMakeFiles/cmTryCompileExec451708036.dir/CheckSymbolExists.c.o   -c /home/ros/EE5900_Repos/EE5900-Proj1-Group4/weather_cpp/catkin_ws/build/CMakeFiles/CMakeTmp/CheckSymbolExists.c
Linking C executable cmTryCompileExec451708036
/usr/bin/cmake -E cmake_link_script CMakeFiles/cmTryCompileExec451708036.dir/link.txt --verbose=1
/usr/bin/cc       CMakeFiles/cmTryCompileExec451708036.dir/CheckSymbolExists.c.o  -o cmTryCompileExec451708036 -rdynamic 
CMakeFiles/cmTryCompileExec451708036.dir/CheckSymbolExists.c.o: In function `main':
CheckSymbolExists.c:(.text+0xa): undefined reference to `pthread_create'
collect2: error: ld returned 1 exit status
make[1]: Leaving directory `/home/ros/EE5900_Repos/EE5900-Proj1-Group4/weather_cpp/catkin_ws/build/CMakeFiles/CMakeTmp'
make[1]: *** [cmTryCompileExec451708036] Error 1
make: *** [cmTryCompileExec451708036/fast] Error 2

File /home/ros/EE5900_Repos/EE5900-Proj1-Group4/weather_cpp/catkin_ws/build/CMakeFiles/CMakeTmp/CheckSymbolExists.c:
/* */
#include <pthread.h>

int main(int argc, char** argv)
{
  (void)argv;
#ifndef pthread_create
  return ((int*)(&pthread_create))[argc];
#else
  (void)argc;
  return 0;
#endif
}

Determining if the function pthread_create exists in the pthreads failed with the following output:
Change Dir: /home/ros/EE5900_Repos/EE5900-Proj1-Group4/weather_cpp/catkin_ws/build/CMakeFiles/CMakeTmp

Run Build Command:/usr/bin/make "cmTryCompileExec2799921271/fast"
/usr/bin/make -f CMakeFiles/cmTryCompileExec2799921271.dir/build.make CMakeFiles/cmTryCompileExec2799921271.dir/build
make[1]: Entering directory `/home/ros/EE5900_Repos/EE5900-Proj1-Group4/weather_cpp/catkin_ws/build/CMakeFiles/CMakeTmp'
/usr/bin/cmake -E cmake_progress_report /home/ros/EE5900_Repos/EE5900-Proj1-Group4/weather_cpp/catkin_ws/build/CMakeFiles/CMakeTmp/CMakeFiles 1
Building C object CMakeFiles/cmTryCompileExec2799921271.dir/CheckFunctionExists.c.o
/usr/bin/cc   -DCHECK_FUNCTION_EXISTS=pthread_create   -o CMakeFiles/cmTryCompileExec2799921271.dir/CheckFunctionExists.c.o   -c /usr/share/cmake-2.8/Modules/CheckFunctionExists.c
Linking C executable cmTryCompileExec2799921271
/usr/bin/cmake -E cmake_link_script CMakeFiles/cmTryCompileExec2799921271.dir/link.txt --verbose=1
/usr/bin/cc   -DCHECK_FUNCTION_EXISTS=pthread_create    CMakeFiles/cmTryCompileExec2799921271.dir/CheckFunctionExists.c.o  -o cmTryCompileExec2799921271 -rdynamic -lpthreads 
/usr/bin/ld: cannot find -lpthreads
make[1]: Leaving directory `/home/ros/EE5900_Repos/EE5900-Proj1-Group4/weather_cpp/catkin_ws/build/CMakeFiles/CMakeTmp'
collect2: error: ld returned 1 exit status
make[1]: *** [cmTryCompileExec2799921271] Error 1
make: *** [cmTryCompileExec2799921271/fast] Error 2


