Determining if the pthread_create exist failed with the following output:
Change Dir: /home/robotics1/catkin_ws/build/CMakeFiles/CMakeTmp

Run Build Command:/usr/bin/make "cmTryCompileExec6728990/fast"
/usr/bin/make -f CMakeFiles/cmTryCompileExec6728990.dir/build.make CMakeFiles/cmTryCompileExec6728990.dir/build
make[1]: Entering directory `/home/robotics1/catkin_ws/build/CMakeFiles/CMakeTmp'
/usr/bin/cmake -E cmake_progress_report /home/robotics1/catkin_ws/build/CMakeFiles/CMakeTmp/CMakeFiles 1
Building C object CMakeFiles/cmTryCompileExec6728990.dir/CheckSymbolExists.c.o
/usr/bin/cc    -o CMakeFiles/cmTryCompileExec6728990.dir/CheckSymbolExists.c.o   -c /home/robotics1/catkin_ws/build/CMakeFiles/CMakeTmp/CheckSymbolExists.c
Linking C executable cmTryCompileExec6728990
/usr/bin/cmake -E cmake_link_script CMakeFiles/cmTryCompileExec6728990.dir/link.txt --verbose=1
/usr/bin/cc       CMakeFiles/cmTryCompileExec6728990.dir/CheckSymbolExists.c.o  -o cmTryCompileExec6728990 -rdynamic 
CMakeFiles/cmTryCompileExec6728990.dir/CheckSymbolExists.c.o: In function `main':
CheckSymbolExists.c:(.text+0x16): undefined reference to `pthread_create'
collect2: error: ld returned 1 exit status
make[1]: Leaving directory `/home/robotics1/catkin_ws/build/CMakeFiles/CMakeTmp'
make[1]: *** [cmTryCompileExec6728990] Error 1
make: *** [cmTryCompileExec6728990/fast] Error 2

File /home/robotics1/catkin_ws/build/CMakeFiles/CMakeTmp/CheckSymbolExists.c:
/* */
#include <pthread.h>

int main(int argc, char** argv)
{
  (void)argv;
#ifndef pthread_create
  return ((int*)(&pthread_create))[argc];
#else
  (void)argc;
  return 0;
#endif
}

Determining if the function pthread_create exists in the pthreads failed with the following output:
Change Dir: /home/robotics1/catkin_ws/build/CMakeFiles/CMakeTmp

Run Build Command:/usr/bin/make "cmTryCompileExec2501647354/fast"
/usr/bin/make -f CMakeFiles/cmTryCompileExec2501647354.dir/build.make CMakeFiles/cmTryCompileExec2501647354.dir/build
make[1]: Entering directory `/home/robotics1/catkin_ws/build/CMakeFiles/CMakeTmp'
/usr/bin/cmake -E cmake_progress_report /home/robotics1/catkin_ws/build/CMakeFiles/CMakeTmp/CMakeFiles 1
Building C object CMakeFiles/cmTryCompileExec2501647354.dir/CheckFunctionExists.c.o
/usr/bin/cc   -DCHECK_FUNCTION_EXISTS=pthread_create   -o CMakeFiles/cmTryCompileExec2501647354.dir/CheckFunctionExists.c.o   -c /usr/share/cmake-2.8/Modules/CheckFunctionExists.c
Linking C executable cmTryCompileExec2501647354
/usr/bin/cmake -E cmake_link_script CMakeFiles/cmTryCompileExec2501647354.dir/link.txt --verbose=1
/usr/bin/cc   -DCHECK_FUNCTION_EXISTS=pthread_create    CMakeFiles/cmTryCompileExec2501647354.dir/CheckFunctionExists.c.o  -o cmTryCompileExec2501647354 -rdynamic -lpthreads 
/usr/bin/ld: cannot find -lpthreads
collect2: error: ld returned 1 exit status
make[1]: Leaving directory `/home/robotics1/catkin_ws/build/CMakeFiles/CMakeTmp'
make[1]: *** [cmTryCompileExec2501647354] Error 1
make: *** [cmTryCompileExec2501647354/fast] Error 2


